[debug] [2023-01-29T17:03:35.768Z] ----------------------------------------------------------------------
[debug] [2023-01-29T17:03:35.770Z] Command:       C:\Program Files\nodejs\node.exe C:\Users\RUPESH KUMAR\AppData\Roaming\npm\node_modules\firebase-tools\lib\bin\firebase.js init
[debug] [2023-01-29T17:03:35.770Z] CLI Version:   11.21.0
[debug] [2023-01-29T17:03:35.771Z] Platform:      win32
[debug] [2023-01-29T17:03:35.771Z] Node Version:  v16.17.0
[debug] [2023-01-29T17:03:35.772Z] Time:          Sun Jan 29 2023 22:33:35 GMT+0530 (India Standard Time)
[debug] [2023-01-29T17:03:35.772Z] ----------------------------------------------------------------------
[debug] 
[debug] [2023-01-29T17:03:35.779Z] > command requires scopes: ["email","openid","https://www.googleapis.com/auth/cloudplatformprojects.readonly","https://www.googleapis.com/auth/firebase","https://www.googleapis.com/auth/cloud-platform"]
[debug] [2023-01-29T17:03:35.779Z] > authorizing via signed-in user (sbjfincon@gmail.com)
[info] 
     ######## #### ########  ######## ########     ###     ######  ########
     ##        ##  ##     ## ##       ##     ##  ##   ##  ##       ##
     ######    ##  ########  ######   ########  #########  ######  ######
     ##        ##  ##    ##  ##       ##     ## ##     ##       ## ##
     ##       #### ##     ## ######## ########  ##     ##  ######  ########

You're about to initialize a Firebase project in this directory:

  G:\Loan

[info] 
=== Project Setup
[info] 
[info] First, let's associate this project directory with a Firebase project.
[info] You can create multiple project aliases by running firebase use --add, 
[info] but for now we'll just set up a default project.
[info] 
[debug] [2023-01-29T17:04:37.680Z] > refreshing access token with scopes: []
[debug] [2023-01-29T17:04:37.687Z] >>> [apiv2][query] POST https://www.googleapis.com/oauth2/v3/token [none]
[debug] [2023-01-29T17:04:37.687Z] >>> [apiv2][body] POST https://www.googleapis.com/oauth2/v3/token [omitted]
[debug] [2023-01-29T17:04:38.384Z] <<< [apiv2][status] POST https://www.googleapis.com/oauth2/v3/token 200
[debug] [2023-01-29T17:04:38.385Z] <<< [apiv2][body] POST https://www.googleapis.com/oauth2/v3/token [omitted]
[debug] [2023-01-29T17:04:38.396Z] >>> [apiv2][query] GET https://firebase.googleapis.com/v1beta1/projects pageSize=100
[debug] [2023-01-29T17:04:40.453Z] <<< [apiv2][status] GET https://firebase.googleapis.com/v1beta1/projects 200
[debug] [2023-01-29T17:04:40.454Z] <<< [apiv2][body] GET https://firebase.googleapis.com/v1beta1/projects [omitted]
[info] i  Using project loan-95b54 (LOAN) 
[info] 
=== Hosting Setup
[info] 
[info] Your public directory is the folder (relative to your project directory) that
[info] will contain Hosting assets to be uploaded with firebase deploy. If you
[info] have a build process for your assets, use your build's output directory.
[info] 
[debug] [2023-01-29T17:05:06.902Z] >>> [apiv2][query] GET https://www.gstatic.com/firebasejs/releases.json [none]
[debug] [2023-01-29T17:05:07.446Z] <<< [apiv2][status] GET https://www.gstatic.com/firebasejs/releases.json 200
[debug] [2023-01-29T17:05:07.447Z] <<< [apiv2][body] GET https://www.gstatic.com/firebasejs/releases.json {"current":{"version":"9.16.0","browserURL":"https://www.gstatic.com/firebasejs/9.16.0/firebase.js","packageURL":"https://www.gstatic.com/firebasejs/9.16.0/firebase.tgz"},"live":{"version":"9.16","browserURL":"https://www.gstatic.com/firebasejs/live/9.16/firebase.js","packageURL":"https://www.gstatic.com/firebasejs/live/9.16/firebase.tgz"},"components":{"analytics":"https://www.gstatic.com/firebasejs/9.16.0/firebase-analytics.js","app":"https://www.gstatic.com/firebasejs/9.16.0/firebase-app.js","app-check":"https://www.gstatic.com/firebasejs/9.16.0/firebase-app-check.js","auth":"https://www.gstatic.com/firebasejs/9.16.0/firebase-auth.js","auth/cordova":"https://www.gstatic.com/firebasejs/9.16.0/firebase-auth/cordova.js","auth/react-native":"https://www.gstatic.com/firebasejs/9.16.0/firebase-auth/react-native.js","functions":"https://www.gstatic.com/firebasejs/9.16.0/firebase-functions.js","firestore":"https://www.gstatic.com/firebasejs/9.16.0/firebase-firestore.js","firestore/lite":"https://www.gstatic.com/firebasejs/9.16.0/firebase-firestore/lite.js","installations":"https://www.gstatic.com/firebasejs/9.16.0/firebase-installations.js","storage":"https://www.gstatic.com/firebasejs/9.16.0/firebase-storage.js","performance":"https://www.gstatic.com/firebasejs/9.16.0/firebase-performance.js","remote-config":"https://www.gstatic.com/firebasejs/9.16.0/firebase-remote-config.js","messaging":"https://www.gstatic.com/firebasejs/9.16.0/firebase-messaging.js","messaging/sw":"https://www.gstatic.com/firebasejs/9.16.0/firebase-messaging/sw.js","database":"https://www.gstatic.com/firebasejs/9.16.0/firebase-database.js","firestore.memory":"https://www.gstatic.com/firebasejs/9.16.0/firebase-firestore.memory.js"}}
[info] +  Wrote public/index.html 
[info] 
[info] i  Didn't detect a .git folder. Assuming G:\Loan is the project root. 
[info] i  Authorizing with GitHub to upload your service account to a GitHub repository's secrets store. 
[info] 
[info] Visit this URL on this device to log in:
[info] https://github.com/login/oauth/authorize?client_id=89cf50f02ac6aaed3484&state=49054322&redirect_uri=http%3A%2F%2Flocalhost%3A9005&scope=read%3Auser%20repo%20public_repo
[info] 
[info] Waiting for authentication...
[debug] [2023-01-29T17:05:17.352Z] >>> [apiv2][query] POST https://github.com/login/oauth/access_token [none]
[debug] [2023-01-29T17:05:17.352Z] >>> [apiv2][body] POST https://github.com/login/oauth/access_token [stream]
[debug] [2023-01-29T17:05:20.382Z] <<< [apiv2][status] POST https://github.com/login/oauth/access_token 200
[debug] [2023-01-29T17:05:20.383Z] <<< [apiv2][body] POST https://github.com/login/oauth/access_token {"access_token":"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","token_type":"bearer","scope":"read:user,repo"}
[debug] [2023-01-29T17:05:20.415Z] >>> [apiv2][query] GET https://api.github.com/user [none]
[debug] [2023-01-29T17:05:21.708Z] <<< [apiv2][status] GET https://api.github.com/user 200
[debug] [2023-01-29T17:05:21.708Z] <<< [apiv2][body] GET https://api.github.com/user {"login":"Rmstar-28239","id":100183713,"node_id":"U_kgDOBfiuoQ","avatar_url":"https://avatars.githubusercontent.com/u/100183713?v=4","gravatar_id":"","url":"https://api.github.com/users/Rmstar-28239","html_url":"https://github.com/Rmstar-28239","followers_url":"https://api.github.com/users/Rmstar-28239/followers","following_url":"https://api.github.com/users/Rmstar-28239/following{/other_user}","gists_url":"https://api.github.com/users/Rmstar-28239/gists{/gist_id}","starred_url":"https://api.github.com/users/Rmstar-28239/starred{/owner}{/repo}","subscriptions_url":"https://api.github.com/users/Rmstar-28239/subscriptions","organizations_url":"https://api.github.com/users/Rmstar-28239/orgs","repos_url":"https://api.github.com/users/Rmstar-28239/repos","events_url":"https://api.github.com/users/Rmstar-28239/events{/privacy}","received_events_url":"https://api.github.com/users/Rmstar-28239/received_events","type":"User","site_admin":false,"name":"Rmstar","company":"Bloatware it solutions","blog":"http://bloatwareitsolutions.com/","location":"New Delhi  110041","email":null,"hireable":null,"bio":"Android developer and Flutter developer","twitter_username":null,"public_repos":15,"public_gists":0,"followers":2,"following":1,"created_at":"2022-02-22T05:07:11Z","updated_at":"2023-01-29T16:27:47Z","private_gists":0,"total_private_repos":15,"owned_private_repos":15,"disk_usage":183906,"collaborators":0,"two_factor_authentication":false,"plan":{"name":"free","space":976562499,"collaborators":0,"private_repos":10000}}
[info] 
[info] +  Success! Logged into GitHub as Rmstar-28239 
[info] 
[debug] [2023-01-29T17:06:54.109Z] >>> [apiv2][query] GET https://api.github.com/repos/Rmstar-28239/wxydr/actions/secrets/public-key type=owner
[debug] [2023-01-29T17:06:54.890Z] <<< [apiv2][status] GET https://api.github.com/repos/Rmstar-28239/wxydr/actions/secrets/public-key 404
[debug] [2023-01-29T17:06:54.890Z] <<< [apiv2][body] GET https://api.github.com/repos/Rmstar-28239/wxydr/actions/secrets/public-key {"message":"Not Found","documentation_url":"https://docs.github.com/rest/reference/actions#get-a-repository-public-key"}
[debug] [2023-01-29T17:06:58.511Z] >>> [apiv2][query] GET https://api.github.com/repos/Rmstar-28239/wxydr/actions/secrets/public-key type=owner
[debug] [2023-01-29T17:06:59.224Z] <<< [apiv2][status] GET https://api.github.com/repos/Rmstar-28239/wxydr/actions/secrets/public-key 404
[debug] [2023-01-29T17:06:59.224Z] <<< [apiv2][body] GET https://api.github.com/repos/Rmstar-28239/wxydr/actions/secrets/public-key {"message":"Not Found","documentation_url":"https://docs.github.com/rest/reference/actions#get-a-repository-public-key"}
[debug] [2023-01-29T17:07:01.784Z] >>> [apiv2][query] GET https://api.github.com/repos/Rmstar-28239/wxydr/actions/secrets/public-key type=owner
[debug] [2023-01-29T17:07:02.682Z] <<< [apiv2][status] GET https://api.github.com/repos/Rmstar-28239/wxydr/actions/secrets/public-key 404
[debug] [2023-01-29T17:07:02.682Z] <<< [apiv2][body] GET https://api.github.com/repos/Rmstar-28239/wxydr/actions/secrets/public-key {"message":"Not Found","documentation_url":"https://docs.github.com/rest/reference/actions#get-a-repository-public-key"}
[debug] [2023-01-29T17:07:18.672Z] >>> [apiv2][query] GET https://api.github.com/repos/weryu/actions/secrets/public-key type=owner
[debug] [2023-01-29T17:07:19.335Z] <<< [apiv2][status] GET https://api.github.com/repos/weryu/actions/secrets/public-key 404
[debug] [2023-01-29T17:07:19.336Z] <<< [apiv2][body] GET https://api.github.com/repos/weryu/actions/secrets/public-key {"message":"Not Found","documentation_url":"https://docs.github.com/rest"}
[debug] [2023-01-29T17:07:19.614Z] >>> [apiv2][query] GET https://api.github.com/repos/weryu/actions/secrets/public-key type=owner
[debug] [2023-01-29T17:07:20.232Z] <<< [apiv2][status] GET https://api.github.com/repos/weryu/actions/secrets/public-key 404
[debug] [2023-01-29T17:07:20.232Z] <<< [apiv2][body] GET https://api.github.com/repos/weryu/actions/secrets/public-key {"message":"Not Found","documentation_url":"https://docs.github.com/rest"}
